  0%|                                                                                                                                                                   | 0/231 [00:00<?, ?it/s]Traceback (most recent call last):

====================== the inputs debug lolol
[{'problem_id': 2, 'problem': "I uploaded 15 frames from a vehicle dash cam video. \nDetermine the vehicle's change in heading direction between each frame and its previous frame.\nGive your answer in degree values ranging between -180 and 180 degrees, with right turn being positive degrees and left turn being negative degrees.\nKeep all degree values in one list. You should have 14 values in the list.\n", 'data_type': 'image', 'problem_type': 'list', 'options': [], 'solution': '<answer>[0.011657387526621675, 0.11074548753034798, 0.2223331862020149, 0.22167258035547335, 0.08866933361995638, 0.029168179522764355, -0.033538796801753104, -0.19684225467201358, 0.26189990071791047, 0.03908701622768359, 0.15707626884443066, -0.03591922767815197, 0.02146065519456543, -0.2029756991145171, -0.11221017060146811]</answer>', 'path': ['/scratch/zl3466/dataset/NuScenes/train/samples/CAM_FRONT/n015-2018-07-24-10-42-41+0800__CAM_FRONT__1532400233612460.jpg', '/scratch/zl3466/dataset/NuScenes/train/sweeps/CAM_FRONT/n015-2018-07-24-10-42-41+0800__CAM_FRONT__1532400234012460.jpg', '/scratch/zl3466/dataset/NuScenes/train/sweeps/CAM_FRONT/n015-2018-07-24-10-42-41+0800__CAM_FRONT__1532400234412460.jpg', '/scratch/zl3466/dataset/NuScenes/train/sweeps/CAM_FRONT/n015-2018-07-24-10-42-41+0800__CAM_FRONT__1532400234862460.jpg', '/scratch/zl3466/dataset/NuScenes/train/sweeps/CAM_FRONT/n015-2018-07-24-10-42-41+0800__CAM_FRONT__1532400235262460.jpg', '/scratch/zl3466/dataset/NuScenes/train/samples/CAM_FRONT/n015-2018-07-24-10-42-41+0800__CAM_FRONT__1532400235662460.jpg', '/scratch/zl3466/dataset/NuScenes/train/sweeps/CAM_FRONT/n015-2018-07-24-10-42-41+0800__CAM_FRONT__1532400236112460.jpg', '/scratch/zl3466/dataset/NuScenes/train/sweeps/CAM_FRONT/n015-2018-07-24-10-42-41+0800__CAM_FRONT__1532400236512460.jpg', '/scratch/zl3466/dataset/NuScenes/train/sweeps/CAM_FRONT/n015-2018-07-24-10-42-41+0800__CAM_FRONT__1532400236912460.jpg', '/scratch/zl3466/dataset/NuScenes/train/sweeps/CAM_FRONT/n015-2018-07-24-10-42-41+0800__CAM_FRONT__1532400237362460.jpg', '/scratch/zl3466/dataset/NuScenes/train/sweeps/CAM_FRONT/n015-2018-07-24-10-42-41+0800__CAM_FRONT__1532400237862460.jpg', '/scratch/zl3466/dataset/NuScenes/train/sweeps/CAM_FRONT/n015-2018-07-24-10-42-41+0800__CAM_FRONT__1532400238262460.jpg', '/scratch/zl3466/dataset/NuScenes/train/sweeps/CAM_FRONT/n015-2018-07-24-10-42-41+0800__CAM_FRONT__1532400238762460.jpg', '/scratch/zl3466/dataset/NuScenes/train/samples/CAM_FRONT/n015-2018-07-24-10-42-41+0800__CAM_FRONT__1532400239162460.jpg', '/scratch/zl3466/dataset/NuScenes/train/sweeps/CAM_FRONT/n015-2018-07-24-10-42-41+0800__CAM_FRONT__1532400239612460.jpg'], 'reward': 1, 'select': True, 'prompt': [{'content': [{'image': '/scratch/zl3466/dataset/NuScenes/train/samples/CAM_FRONT/n015-2018-07-24-10-42-41+0800__CAM_FRONT__1532400233612460.jpg', 'text': None, 'type': 'image'}, {'image': '/scratch/zl3466/dataset/NuScenes/train/sweeps/CAM_FRONT/n015-2018-07-24-10-42-41+0800__CAM_FRONT__1532400234012460.jpg', 'text': None, 'type': 'image'}, {'image': '/scratch/zl3466/dataset/NuScenes/train/sweeps/CAM_FRONT/n015-2018-07-24-10-42-41+0800__CAM_FRONT__1532400234412460.jpg', 'text': None, 'type': 'image'}, {'image': '/scratch/zl3466/dataset/NuScenes/train/sweeps/CAM_FRONT/n015-2018-07-24-10-42-41+0800__CAM_FRONT__1532400234862460.jpg', 'text': None, 'type': 'image'}, {'image': '/scratch/zl3466/dataset/NuScenes/train/sweeps/CAM_FRONT/n015-2018-07-24-10-42-41+0800__CAM_FRONT__1532400235262460.jpg', 'text': None, 'type': 'image'}, {'image': '/scratch/zl3466/dataset/NuScenes/train/samples/CAM_FRONT/n015-2018-07-24-10-42-41+0800__CAM_FRONT__1532400235662460.jpg', 'text': None, 'type': 'image'}, {'image': '/scratch/zl3466/dataset/NuScenes/train/sweeps/CAM_FRONT/n015-2018-07-24-10-42-41+0800__CAM_FRONT__1532400236112460.jpg', 'text': None, 'type': 'image'}, {'image': '/scratch/zl3466/dataset/NuScenes/train/sweeps/CAM_FRONT/n015-2018-07-24-10-42-41+0800__CAM_FRONT__1532400236512460.jpg', 'text': None, 'type': 'image'}, {'image': '/scratch/zl3466/dataset/NuScenes/train/sweeps/CAM_
process_vision_info error, using fixed data, 'list' object has no attribute 'startswith'
  File "/scratch/zl3466/github/thinking_in_street/train/localization/trainer/grpo_trainer.py", line 436, in compute_loss
    image_inputs, video_inputs, video_kwargs = process_vision_info(input_copy, return_video_kwargs=True)
                                               ^^^^^^^^^^^^^^^^^^^^^^^^^^^^^^^^^^^^^^^^^^^^^^^^^^^^^^^^^
  File "/scratch/zl3466/env/thinking-in-street/lib/python3.11/site-packages/qwen_vl_utils/vision_process.py", line 364, in process_vision_info
    image_inputs.append(fetch_image(vision_info))
                        ^^^^^^^^^^^^^^^^^^^^^^^^
  File "/scratch/zl3466/env/thinking-in-street/lib/python3.11/site-packages/qwen_vl_utils/vision_process.py", line 105, in fetch_image
    elif image.startswith("http://") or image.startswith("https://"):
         ^^^^^^^^^^^^^^^^
AttributeError: 'list' object has no attribute 'startswith'

During handling of the above exception, another exception occurred:

Traceback (most recent call last):
  File "/scratch/zl3466/github/thinking_in_street/./train/localization/grpo.py", line 570, in <module>
    main(script_args, training_args, model_args)
  File "/scratch/zl3466/github/thinking_in_street/./train/localization/grpo.py", line 559, in main
    trainer.train()
  File "/scratch/zl3466/env/thinking-in-street/lib/python3.11/site-packages/transformers/trainer.py", line 2241, in train
    return inner_training_loop(
           ^^^^^^^^^^^^^^^^^^^^
  File "/scratch/zl3466/env/thinking-in-street/lib/python3.11/site-packages/transformers/trainer.py", line 2548, in _inner_training_loop
    tr_loss_step = self.training_step(model, inputs, num_items_in_batch)
                   ^^^^^^^^^^^^^^^^^^^^^^^^^^^^^^^^^^^^^^^^^^^^^^^^^^^^^
  File "/scratch/zl3466/env/thinking-in-street/lib/python3.11/site-packages/transformers/trainer.py", line 3698, in training_step
    loss = self.compute_loss(model, inputs, num_items_in_batch=num_items_in_batch)
           ^^^^^^^^^^^^^^^^^^^^^^^^^^^^^^^^^^^^^^^^^^^^^^^^^^^^^^^^^^^^^^^^^^^^^^^
  File "/scratch/zl3466/github/thinking_in_street/train/localization/trainer/grpo_trainer.py", line 444, in compute_loss
    image_inputs, video_inputs, video_kwargs = process_vision_info(input_copy, return_video_kwargs=True)
                                               ^^^^^^^^^^^^^^^^^^^^^^^^^^^^^^^^^^^^^^^^^^^^^^^^^^^^^^^^^
  File "/scratch/zl3466/env/thinking-in-street/lib/python3.11/site-packages/qwen_vl_utils/vision_process.py", line 364, in process_vision_info
    image_inputs.append(fetch_image(vision_info))
                        ^^^^^^^^^^^^^^^^^^^^^^^^
  File "/scratch/zl3466/env/thinking-in-street/lib/python3.11/site-packages/qwen_vl_utils/vision_process.py", line 116, in fetch_image
    image_obj = Image.open(image)
                ^^^^^^^^^^^^^^^^^
  File "/scratch/zl3466/env/thinking-in-street/lib/python3.11/site-packages/PIL/Image.py", line 3465, in open
    fp = builtins.open(filename, "rb")
         ^^^^^^^^^^^^^^^^^^^^^^^^^^^^^
FileNotFoundError: [Errno 2] No such file or directory: '/scratch/zl3466/github/thinking_in_street/Video-R1-data/Math/Multimath-300k/17ff4c7d14c388134de02381b1fc2824.png'
[rank0]: Traceback (most recent call last):
[rank0]:   File "/scratch/zl3466/github/thinking_in_street/train/localization/trainer/grpo_trainer.py", line 436, in compute_loss
[rank0]:     image_inputs, video_inputs, video_kwargs = process_vision_info(input_copy, return_video_kwargs=True)
[rank0]:                                                ^^^^^^^^^^^^^^^^^^^^^^^^^^^^^^^^^^^^^^^^^^^^^^^^^^^^^^^^^
[rank0]:   File "/scratch/zl3466/env/thinking-in-street/lib/python3.11/site-packages/qwen_vl_utils/vision_process.py", line 364, in process_vision_info
[rank0]:     image_inputs.append(fetch_image(vision_info))
[rank0]:                         ^^^^^^^^^^^^^^^^^^^^^^^^
[rank0]:   File "/scratch/zl3466/env/thinking-in-street/lib/python3.11/site-packages/qwen_vl_utils/vision_process.py", line 105, in fetch_image
[rank0]:     elif image.startswith("http://") or image.startswith("https://"):
[rank0]:          ^^^^^^^^^^^^^^^^
[rank0]: AttributeError: 'list' object has no attribute 'startswith'

[rank0]: During handling of the above exception, another exception occurred:

[rank0]: Traceback (most recent call last):
[rank0]:   File "/scratch/zl3466/github/thinking_in_street/./train/localization/grpo.py", line 570, in <module>
[rank0]:     main(script_args, training_args, model_args)
[rank0]:   File "/scratch/zl3466/github/thinking_in_street/./train/localization/grpo.py", line 559, in main
[rank0]:     trainer.train()
[rank0]:   File "/scratch/zl3466/env/thinking-in-street/lib/python3.11/site-packages/transformers/trainer.py", line 2241, in train
[rank0]:     return inner_training_loop(
[rank0]:            ^^^^^^^^^^^^^^^^^^^^
[rank0]:   File "/scratch/zl3466/env/thinking-in-street/lib/python3.11/site-packages/transformers/trainer.py", line 2548, in _inner_training_loop
[rank0]:     tr_loss_step = self.training_step(model, inputs, num_items_in_batch)
[rank0]:                    ^^^^^^^^^^^^^^^^^^^^^^^^^^^^^^^^^^^^^^^^^^^^^^^^^^^^^
[rank0]:   File "/scratch/zl3466/env/thinking-in-street/lib/python3.11/site-packages/transformers/trainer.py", line 3698, in training_step
[rank0]:     loss = self.compute_loss(model, inputs, num_items_in_batch=num_items_in_batch)
[rank0]:            ^^^^^^^^^^^^^^^^^^^^^^^^^^^^^^^^^^^^^^^^^^^^^^^^^^^^^^^^^^^^^^^^^^^^^^^
[rank0]:   File "/scratch/zl3466/github/thinking_in_street/train/localization/trainer/grpo_trainer.py", line 444, in compute_loss
[rank0]:     image_inputs, video_inputs, video_kwargs = process_vision_info(input_copy, return_video_kwargs=True)
[rank0]:                                                ^^^^^^^^^^^^^^^^^^^^^^^^^^^^^^^^^^^^^^^^^^^^^^^^^^^^^^^^^
[rank0]:   File "/scratch/zl3466/env/thinking-in-street/lib/python3.11/site-packages/qwen_vl_utils/vision_process.py", line 364, in process_vision_info
[rank0]:     image_inputs.append(fetch_image(vision_info))
[rank0]:                         ^^^^^^^^^^^^^^^^^^^^^^^^
[rank0]:   File "/scratch/zl3466/env/thinking-in-street/lib/python3.11/site-packages/qwen_vl_utils/vision_process.py", line 116, in fetch_image
[rank0]:     image_obj = Image.open(image)
[rank0]:                 ^^^^^^^^^^^^^^^^^
[rank0]:   File "/scratch/zl3466/env/thinking-in-street/lib/python3.11/site-packages/PIL/Image.py", line 3465, in open
[rank0]:     fp = builtins.open(filename, "rb")
[rank0]:          ^^^^^^^^^^^^^^^^^^^^^^^^^^^^^
[rank0]: FileNotFoundError: [Errno 2] No such file or directory: '/scratch/zl3466/github/thinking_in_street/Video-R1-data/Math/Multimath-300k/17ff4c7d14c388134de02381b1fc2824.png'
